<?xml version="1.0" encoding="UTF-8"?>
<testsuite name="com.personales.javatest.util.StringUtilTest" tests="8" skipped="0" failures="0" errors="0" timestamp="2022-03-18T03:45:14" hostname="DESKTOP-LG2E2L8" time="0.003">
  <properties/>
  <testcase name="test_string_is_not_empty" classname="com.personales.javatest.util.StringUtilTest" time="0.002"/>
  <testcase name="repeat_string_once" classname="com.personales.javatest.util.StringUtilTest" time="0.0"/>
  <testcase name="null_is_string" classname="com.personales.javatest.util.StringUtilTest" time="0.0"/>
  <testcase name="repeat_string_multipleTimes" classname="com.personales.javatest.util.StringUtilTest" time="0.0"/>
  <testcase name="repeat_string_zero_times" classname="com.personales.javatest.util.StringUtilTest" time="0.0"/>
  <testcase name="empty_quote_string_is_empty" classname="com.personales.javatest.util.StringUtilTest" time="0.0"/>
  <testcase name="repeat_string_negative_times" classname="com.personales.javatest.util.StringUtilTest" time="0.0"/>
  <testcase name="string_spaces_is_string_empty" classname="com.personales.javatest.util.StringUtilTest" time="0.0"/>
  <system-out><![CDATA[]]></system-out>
  <system-err><![CDATA[]]></system-err>
</testsuite>
