<?xml version="1.0" encoding="UTF-8"?>
<testsuite name="com.personales.javatest.movies.service.MovieServiceTest" tests="1" skipped="0" failures="0" errors="0" timestamp="2022-04-02T02:53:17" hostname="DESKTOP-LG2E2L8" time="0.02">
  <properties/>
  <testcase name="return_movies_by_director" classname="com.personales.javatest.movies.service.MovieServiceTest" time="0.02"/>
  <system-out><![CDATA[]]></system-out>
  <system-err><![CDATA[]]></system-err>
</testsuite>
